
=== Tue Sep 24 11:31:50 2024

Packages were changed.
Update Mode: mergeDefaultDependencies

The following packages were added:
  com.unity.collab-proxy@2.5.1
  com.unity.ide.rider@3.0.31
  com.unity.ide.visualstudio@2.0.22
  com.unity.ide.vscode@1.2.5
  com.unity.modules.ai@1.0.0
  com.unity.modules.androidjni@1.0.0
  com.unity.modules.assetbundle@1.0.0
  com.unity.modules.unityanalytics@1.0.0
  com.unity.modules.unitywebrequest@1.0.0
  com.unity.modules.unitywebrequestassetbundle@1.0.0
  com.unity.modules.unitywebrequestaudio@1.0.0
  com.unity.modules.unitywebrequesttexture@1.0.0
  com.unity.modules.unitywebrequestwww@1.0.0
  com.unity.modules.vr@1.0.0
  com.unity.modules.xr@1.0.0
  com.unity.timeline@1.6.5
  com.unity.visualscripting@1.9.4
The following packages were updated:
  com.unity.cinemachine from version 2.8.9 to 2.10.1
  com.unity.inputsystem from version 1.4.4 to 1.7.0
  com.unity.learn.iet-framework from version 2.2.2 to 3.1.1
  com.unity.render-pipelines.high-definition from version 12.1.8 to 12.1.15
  com.unity.terrain-tools from version 4.0.3 to 4.0.5
  com.unity.test-framework from version 1.1.31 to 1.1.33
